<?xml version="1.0" encoding="UTF-8"?>
<coverage generated="1661823413039" clover="3.2.0">
  <project timestamp="1661823413040" name="All files">
    <metrics statements="15" coveredstatements="13" conditionals="6" coveredconditionals="6" methods="7" coveredmethods="6" elements="28" coveredelements="25" complexity="0" loc="15" ncloc="15" packages="2" files="2" classes="2"/>
    <package name="models">
      <metrics statements="9" coveredstatements="9" conditionals="6" coveredconditionals="6" methods="4" coveredmethods="4"/>
      <file name="Factura.js" path="C:\Users\Administrador\Documents\ort\202202\1-Lunes TP2 - 2 1 C Belgrano\curso\clase2\ejercicio\src\models\Factura.js">
        <metrics statements="9" coveredstatements="9" conditionals="6" coveredconditionals="6" methods="4" coveredmethods="4"/>
        <line num="3" count="6" type="stmt"/>
        <line num="4" count="6" type="stmt"/>
        <line num="5" count="6" type="stmt"/>
        <line num="9" count="6" type="cond" truecount="4" falsecount="0"/>
        <line num="10" count="5" type="stmt"/>
        <line num="12" count="2" type="stmt"/>
        <line num="17" count="3" type="stmt"/>
        <line num="18" count="3" type="cond" truecount="2" falsecount="0"/>
        <line num="20" count="1" type="stmt"/>
      </file>
    </package>
    <package name="services">
      <metrics statements="6" coveredstatements="4" conditionals="0" coveredconditionals="0" methods="3" coveredmethods="2"/>
      <file name="FacturaProceso.js" path="C:\Users\Administrador\Documents\ort\202202\1-Lunes TP2 - 2 1 C Belgrano\curso\clase2\ejercicio\src\services\FacturaProceso.js">
        <metrics statements="6" coveredstatements="4" conditionals="0" coveredconditionals="0" methods="3" coveredmethods="2"/>
        <line num="6" count="2" type="stmt"/>
        <line num="10" count="2" type="stmt"/>
        <line num="11" count="2" type="stmt"/>
        <line num="12" count="0" type="stmt"/>
        <line num="13" count="0" type="stmt"/>
        <line num="16" count="1" type="stmt"/>
      </file>
    </package>
  </project>
</coverage>
