{"C:\\Users\\Administrador\\Documents\\ort\\202202\\1-Lunes TP2 - 2 1 C Belgrano\\curso\\clase2\\ejercicio\\src\\models\\Factura.js": {"path":"C:\\Users\\Administrador\\Documents\\ort\\202202\\1-Lunes TP2 - 2 1 C Belgrano\\curso\\clase2\\ejercicio\\src\\models\\Factura.js","statementMap":{"0":{"start":{"line":3,"column":8},"end":{"line":3,"column":29}},"1":{"start":{"line":4,"column":8},"end":{"line":4,"column":27}},"2":{"start":{"line":5,"column":8},"end":{"line":5,"column":27}},"3":{"start":{"line":9,"column":8},"end":{"line":13,"column":9}},"4":{"start":{"line":10,"column":12},"end":{"line":10,"column":79}},"5":{"start":{"line":10,"column":59},"end":{"line":10,"column":74}},"6":{"start":{"line":12,"column":12},"end":{"line":12,"column":40}},"7":{"start":{"line":17,"column":8},"end":{"line":21,"column":9}},"8":{"start":{"line":18,"column":12},"end":{"line":18,"column":81}},"9":{"start":{"line":20,"column":12},"end":{"line":20,"column":20}}},"fnMap":{"0":{"name":"(anonymous_0)","decl":{"start":{"line":2,"column":4},"end":{"line":2,"column":5}},"loc":{"start":{"line":2,"column":36},"end":{"line":6,"column":5}},"line":2},"1":{"name":"(anonymous_1)","decl":{"start":{"line":7,"column":4},"end":{"line":7,"column":5}},"loc":{"start":{"line":7,"column":27},"end":{"line":14,"column":5}},"line":7},"2":{"name":"(anonymous_2)","decl":{"start":{"line":10,"column":38},"end":{"line":10,"column":39}},"loc":{"start":{"line":10,"column":59},"end":{"line":10,"column":74}},"line":10},"3":{"name":"(anonymous_3)","decl":{"start":{"line":15,"column":4},"end":{"line":15,"column":5}},"loc":{"start":{"line":15,"column":27},"end":{"line":22,"column":5}},"line":15}},"branchMap":{"0":{"loc":{"start":{"line":9,"column":8},"end":{"line":13,"column":9}},"type":"if","locations":[{"start":{"line":9,"column":8},"end":{"line":13,"column":9}},{"start":{"line":11,"column":15},"end":{"line":13,"column":9}}],"line":9},"1":{"loc":{"start":{"line":9,"column":12},"end":{"line":9,"column":69}},"type":"binary-expr","locations":[{"start":{"line":9,"column":12},"end":{"line":9,"column":40}},{"start":{"line":9,"column":44},"end":{"line":9,"column":69}}],"line":9},"2":{"loc":{"start":{"line":18,"column":20},"end":{"line":18,"column":80}},"type":"cond-expr","locations":[{"start":{"line":18,"column":70},"end":{"line":18,"column":75}},{"start":{"line":18,"column":76},"end":{"line":18,"column":80}}],"line":18}},"s":{"0":6,"1":6,"2":6,"3":6,"4":4,"5":5,"6":2,"7":3,"8":3,"9":1},"f":{"0":6,"1":6,"2":5,"3":3},"b":{"0":[4,2],"1":[6,4],"2":[1,1]},"_coverageSchema":"1a1c01bbd47fc00a2c39e90264f33305004495a9","hash":"64effab9dd47735ff711ae534ac679ea9643eac2"}
,"C:\\Users\\Administrador\\Documents\\ort\\202202\\1-Lunes TP2 - 2 1 C Belgrano\\curso\\clase2\\ejercicio\\src\\services\\FacturaProceso.js": {"path":"C:\\Users\\Administrador\\Documents\\ort\\202202\\1-Lunes TP2 - 2 1 C Belgrano\\curso\\clase2\\ejercicio\\src\\services\\FacturaProceso.js","statementMap":{"0":{"start":{"line":6,"column":8},"end":{"line":6,"column":33}},"1":{"start":{"line":10,"column":8},"end":{"line":17,"column":9}},"2":{"start":{"line":11,"column":12},"end":{"line":14,"column":15}},"3":{"start":{"line":12,"column":29},"end":{"line":12,"column":84}},"4":{"start":{"line":13,"column":16},"end":{"line":13,"column":51}},"5":{"start":{"line":16,"column":12},"end":{"line":16,"column":40}}},"fnMap":{"0":{"name":"(anonymous_0)","decl":{"start":{"line":5,"column":4},"end":{"line":5,"column":5}},"loc":{"start":{"line":5,"column":26},"end":{"line":7,"column":5}},"line":5},"1":{"name":"(anonymous_1)","decl":{"start":{"line":9,"column":4},"end":{"line":9,"column":5}},"loc":{"start":{"line":9,"column":28},"end":{"line":18,"column":5}},"line":9},"2":{"name":"(anonymous_2)","decl":{"start":{"line":11,"column":41},"end":{"line":11,"column":42}},"loc":{"start":{"line":11,"column":52},"end":{"line":14,"column":13}},"line":11}},"branchMap":{},"s":{"0":2,"1":2,"2":2,"3":0,"4":0,"5":1},"f":{"0":2,"1":2,"2":0},"b":{},"_coverageSchema":"1a1c01bbd47fc00a2c39e90264f33305004495a9","hash":"ec4b4f530085f1030e7cba3f7c71ab78c2b65604"}
}
