TN:
SF:src\models\Factura.js
FN:2,(anonymous_0)
FN:7,(anonymous_1)
FN:10,(anonymous_2)
FN:15,(anonymous_3)
FNF:4
FNH:4
FNDA:6,(anonymous_0)
FNDA:6,(anonymous_1)
FNDA:5,(anonymous_2)
FNDA:3,(anonymous_3)
DA:3,6
DA:4,6
DA:5,6
DA:9,6
DA:10,5
DA:12,2
DA:17,3
DA:18,3
DA:20,1
LF:9
LH:9
BRDA:9,0,0,4
BRDA:9,0,1,2
BRDA:9,1,0,6
BRDA:9,1,1,4
BRDA:18,2,0,1
BRDA:18,2,1,1
BRF:6
BRH:6
end_of_record
TN:
SF:src\services\FacturaProceso.js
FN:5,(anonymous_0)
FN:9,(anonymous_1)
FN:11,(anonymous_2)
FNF:3
FNH:2
FNDA:2,(anonymous_0)
FNDA:2,(anonymous_1)
FNDA:0,(anonymous_2)
DA:6,2
DA:10,2
DA:11,2
DA:12,0
DA:13,0
DA:16,1
LF:6
LH:4
BRF:0
BRH:0
end_of_record
